<?xml version="1.0" encoding="UTF-8"?>
<!-- Generated by org.testng.reporters.JUnitXMLReporter -->
<testsuite hostname="DESKTOP-M0UH53U" ignored="0" name="Default test" tests="3" failures="0" timestamp="2023-03-25T12:44:11 IST" time="28.371" errors="0">
  <testcase name="f" time="10.657" classname="com.itview.testcases.DataDriven_FD_DataProvider"/>
  <testcase name="f" time="6.092" classname="com.itview.testcases.DataDriven_FD_DataProvider"/>
  <testcase name="f" time="5.947" classname="com.itview.testcases.DataDriven_FD_DataProvider"/>
</testsuite> <!-- Default test -->
