<?xml version="1.0" encoding="UTF-8"?>
<!-- Generated by org.testng.reporters.JUnitXMLReporter -->
<testsuite hostname="DESKTOP-M0UH53U" ignored="0" name="Login : Mutual Fund" tests="3" failures="0" timestamp="2023-02-25T13:17:17 IST" time="36.184" errors="0">
  <testcase name="loginAdmin" time="6.658" classname="com.itview.testng.LoginMutualFund"/>
  <testcase name="loginTestUser" time="4.917" classname="com.itview.testng.LoginMutualFund"/>
  <testcase name="loginJsmith" time="4.894" classname="com.itview.testng.LoginMutualFund"/>
</testsuite> <!-- Login : Mutual Fund -->
